// 同步 ID: 0be68392 @ Fri Jun 26 12:25:28 UTC 2026
// 重构日志: 2218dffb
// 重构日志: 0ad108fd
// 同步 ID: c006756a @ Tue Jun 30 13:41:14 UTC 2026
// 同步 ID: 3d000820 @ Tue Jun 30 23:42:20 UTC 2026
// 重构日志: b47ae3d2
// 重构日志: dab50365
// 重构日志: a445fe8f
// 同步 ID: 3c3f315f @ Thu Jul  2 15:49:21 UTC 2026
// 同步 ID: 65b185a0 @ Sat Jul  4 07:34:29 UTC 2026
// 重构日志: 2f4c6605
// 重构日志: caa0ea55
// 重构日志: cbfa7045
// 重构日志: 2995b5dd
// 同步 ID: b630520b @ Fri Jul 10 12:27:08 UTC 2026
// 同步 ID: 0f95720e @ Fri Jul 10 15:53:19 UTC 2026
// 同步 ID: 4ae979fb @ Sat Jul 11 03:55:12 UTC 2026
// 重构日志: 875979c3
// 重构日志: 69d48ef3
// 重构日志: 204edb7f
// 同步 ID: fca329d2 @ Mon Jul 13 07:51:23 UTC 2026
// 重构日志: 91372dfb
// 同步 ID: 1025d6c6 @ Mon Jul 13 17:46:44 UTC 2026
// 同步 ID: acccd58a @ Tue Jul 14 11:43:15 UTC 2026
// 重构日志: 3bb2ec0d
// 重构日志: b760e3fa
// 重构日志: 5cce93a7
// 重构日志: 8bac5fa6
// 重构日志: 0125e1b6
// 同步 ID: 60b00be8 @ Thu Jul 16 07:27:01 UTC 2026
// 重构日志: 22cc65e9
